<?xml version="1.0" encoding="UTF-8" standalone="yes"?>
<ns2:test-suite start="1446813190577" stop="1446813208115" version="1.4.16" xmlns:ns2="urn:model.allure.qatools.yandex.ru">
    <name>Custom suite : online-calculator-tests</name>
    <title>Custom suite : online-calculator-tests</title>
    <test-cases>
        <test-case start="1446813190670" stop="1446813197850" status="passed">
            <name>openPage</name>
            <title>Open page</title>
            <description type="text">Check that we can open page with Online Calculator</description>
            <steps/>
            <attachments>
                <attachment title="Open page" source="e6879813-0242-4e1a-92ad-56045331d397-attachment.txt" type="text/plain"/>
                <attachment title="The page was opened successfully" source="f9ae04c7-c5e7-4006-97a3-ed01185738d5-attachment.txt" type="text/plain"/>
                <attachment title="Main screen" source="eb0a87fe-58c1-419e-b211-319653a8ff78-attachment.png" type="image/png"/>
            </attachments>
            <labels>
                <label name="severity" value="blocker"/>
                <label name="feature" value="UI feature"/>
                <label name="host" value="JmanJ-PK"/>
                <label name="thread" value="4444@JmanJ-PK.main(1)"/>
            </labels>
        </test-case>
        <test-case start="1446813197886" stop="1446813204016" status="passed">
            <name>calculateExpression</name>
            <title>Calculate some expression</title>
            <description type="text">Check that Online Calculator right calculates some expression (input case - keyboard)</description>
            <steps/>
            <attachments>
                <attachment title="Main screen" source="a4cf87ed-3551-4d79-91c2-d3b909a0168d-attachment.png" type="image/png"/>
                <attachment title="The expression is typed" source="b9c40f16-adb2-4e8c-8fae-9f7ba1cd2609-attachment.png" type="image/png"/>
                <attachment title="Result" source="8e3373c6-7544-4d48-a4ca-1629f225b67d-attachment.png" type="image/png"/>
            </attachments>
            <labels>
                <label name="severity" value="critical"/>
                <label name="feature" value="UI feature"/>
                <label name="feature" value="Subtraction"/>
                <label name="feature" value="Addition"/>
                <label name="feature" value="Multiplication"/>
                <label name="feature" value="Division"/>
                <label name="host" value="JmanJ-PK"/>
                <label name="thread" value="4444@JmanJ-PK.main(1)"/>
            </labels>
        </test-case>
        <test-case start="1446813204025" stop="1446813208112" status="failed">
            <name>calculateFloatExpression</name>
            <title>Calculate some float expression</title>
            <description type="text">Check that Online Calculator right calculates some float expression (input case - keyboard)</description>
            <failure>
                <message>AssertionError: expected [-0.28094] but found [-0.28093999999999997]</message>
                <stack-trace>java.lang.AssertionError: expected [-0.28094] but found [-0.28093999999999997]
	at org.testng.Assert.fail(Assert.java:94)
	at org.testng.Assert.failNotEquals(Assert.java:494)
	at org.testng.Assert.assertEquals(Assert.java:123)
	at org.testng.Assert.assertEquals(Assert.java:176)
	at org.testng.Assert.assertEquals(Assert.java:186)
	at ru.nsu.fit.tests.AcceptanceTest.calculateFloatExpression(AcceptanceTest.java:66)
	at sun.reflect.NativeMethodAccessorImpl.invoke0(Native Method)
	at sun.reflect.NativeMethodAccessorImpl.invoke(NativeMethodAccessorImpl.java:57)
	at sun.reflect.DelegatingMethodAccessorImpl.invoke(DelegatingMethodAccessorImpl.java:43)
	at java.lang.reflect.Method.invoke(Method.java:606)
	at org.testng.internal.MethodInvocationHelper.invokeMethod(MethodInvocationHelper.java:80)
	at org.testng.internal.Invoker.invokeMethod(Invoker.java:714)
	at org.testng.internal.Invoker.invokeTestMethod(Invoker.java:901)
	at org.testng.internal.Invoker.invokeTestMethods(Invoker.java:1231)
	at org.testng.internal.TestMethodWorker.invokeTestMethods(TestMethodWorker.java:127)
	at org.testng.internal.TestMethodWorker.run(TestMethodWorker.java:111)
	at org.testng.TestRunner.privateRun(TestRunner.java:767)
	at org.testng.TestRunner.run(TestRunner.java:617)
	at org.testng.SuiteRunner.runTest(SuiteRunner.java:334)
	at org.testng.SuiteRunner.runSequentially(SuiteRunner.java:329)
	at org.testng.SuiteRunner.privateRun(SuiteRunner.java:291)
	at org.testng.SuiteRunner.run(SuiteRunner.java:240)
	at org.testng.SuiteRunnerWorker.runSuite(SuiteRunnerWorker.java:52)
	at org.testng.SuiteRunnerWorker.run(SuiteRunnerWorker.java:86)
	at org.testng.TestNG.runSuitesSequentially(TestNG.java:1198)
	at org.testng.TestNG.runSuitesLocally(TestNG.java:1123)
	at org.testng.TestNG.run(TestNG.java:1031)
	at org.testng.remote.RemoteTestNG.run(RemoteTestNG.java:111)
	at org.testng.remote.RemoteTestNG.initAndRun(RemoteTestNG.java:204)
	at org.testng.remote.RemoteTestNG.main(RemoteTestNG.java:175)
	at org.testng.RemoteTestNGStarter.main(RemoteTestNGStarter.java:125)
	at sun.reflect.NativeMethodAccessorImpl.invoke0(Native Method)
	at sun.reflect.NativeMethodAccessorImpl.invoke(NativeMethodAccessorImpl.java:57)
	at sun.reflect.DelegatingMethodAccessorImpl.invoke(DelegatingMethodAccessorImpl.java:43)
	at java.lang.reflect.Method.invoke(Method.java:606)
	at com.intellij.rt.execution.application.AppMain.main(AppMain.java:140)
</stack-trace>
            </failure>
            <steps/>
            <attachments>
                <attachment title="Main screen" source="a9d6cd4e-e486-4e7a-a5ca-f8f6b04bdb5e-attachment.png" type="image/png"/>
                <attachment title="The expression is typed" source="7aa4d2da-15ac-44e3-ae5f-7c6174a6b7dc-attachment.png" type="image/png"/>
                <attachment title="Result" source="507d5612-8a65-4ec1-8c8a-c7bd220263ad-attachment.png" type="image/png"/>
            </attachments>
            <labels>
                <label name="severity" value="critical"/>
                <label name="feature" value="UI feature"/>
                <label name="feature" value="Addition"/>
                <label name="host" value="JmanJ-PK"/>
                <label name="thread" value="4444@JmanJ-PK.main(1)"/>
            </labels>
        </test-case>
    </test-cases>
    <labels>
        <label name="framework" value="TestNG"/>
        <label name="language" value="JAVA"/>
    </labels>
</ns2:test-suite>
